2022-01-10 21:13:30,117 - INFO - Searched the following subreddits:
 earthporn+wallpaper+wallpapers
 for the following resolutions:
 ['1920x1080', '2560x1440', '3840x2160']
2022-01-10 21:13:39,230 - INFO - Image downloaded & set: https://i.redd.it/qtidm33lnd981.jpg - Solar System 4K (3840x2160)
2022-01-10 21:16:33,839 - INFO - Searched the following subreddits:
 earthporn+wallpaper+wallpapers
 for the following resolutions:
 ['1920x1080', '2560x1440', '3840x2160']
2022-01-10 21:16:50,443 - INFO - Searched the following subreddits:
 earthporn+wallpaper+wallpapers
 for the following resolutions:
 ['1920x1080', '2560x1440', '3840x2160']
2022-01-10 21:17:12,280 - INFO - Searched the following subreddits:
 earthporn+wallpaper+wallpapers
 for the following resolutions:
 ['1920x1080', '2560x1440', '3840x2160']
2022-01-10 21:17:28,232 - INFO - Searched the following subreddits:
 earthporn+wallpaper+wallpapers
 for the following resolutions:
 ['1920x1080', '2560x1440', '3840x2160']
2022-01-10 21:18:12,381 - INFO - Searched the following subreddits:
 earthporn+wallpaper+wallpapers
 for the following resolutions:
 ['1920x1080', '2560x1440', '3840x2160']
2022-01-10 21:18:16,946 - INFO - Image downloaded & set: https://i.redd.it/9bklw5m30b681.jpg - Icelandic Highlands, Iceland [2560x1440] [OC] @nicolasalexanderotto
2022-01-10 21:19:06,960 - INFO - Searched the following subreddits:
 earthporn+wallpaper+wallpapers
 for the following resolutions:
 ['1920x1080', '2560x1440', '3840x2160']
2022-01-10 21:20:00,832 - INFO - Searched the following subreddits:
 earthporn+wallpaper+wallpapers
 for the following resolutions:
 ['1920x1080', '2560x1440', '3840x2160']
2022-01-10 21:21:04,959 - INFO - Searched the following subreddits:
 earthporn+wallpaper+wallpapers
 for the following resolutions:
 ['1920x1080', '2560x1440', '3840x2160']
2022-01-10 21:21:09,404 - INFO - Image downloaded & set: https://i.redd.it/qtidm33lnd981.jpg - Solar System 4K (3840x2160)
2022-01-10 21:21:30,494 - INFO - Searched the following subreddits:
 earthporn+wallpaper+wallpapers
 for the following resolutions:
 ['1920x1080', '2560x1440', '3840x2160']
2022-01-10 21:22:25,708 - INFO - Searched the following subreddits:
 earthporn+wallpaper+wallpapers
 for the following resolutions:
 ['1920x1080', '2560x1440', '3840x2160']
2022-01-10 21:24:51,048 - INFO - Searched the following subreddits:
 earthporn+wallpaper+wallpapers
 for the following resolutions:
 ['1920x1080', '2560x1440', '3840x2160']
2022-01-10 21:25:28,767 - INFO - Searched the following subreddits:
 earthporn+wallpaper+wallpapers
 for the following resolutions:
 ['1920x1080', '2560x1440', '3840x2160']
2022-01-10 21:26:50,187 - INFO - Searched the following subreddits:
 earthporn+wallpaper+wallpapers
 for the following resolutions:
 ['1920x1080', '2560x1440', '3840x2160']
2022-01-10 21:26:51,700 - INFO - Trying to download image 9bklw5m30b681.jpg
2022-01-10 21:27:11,273 - INFO - Searched the following subreddits:
 earthporn+wallpaper+wallpapers
 for the following resolutions:
 ['1920x1080', '2560x1440', '3840x2160']
2022-01-10 21:27:12,238 - INFO - Trying to download image v6ak560u8o981.jpg
2022-01-10 21:30:24,730 - INFO - Searched the following subreddits:
 earthporn+wallpaper+wallpapers
 for the following resolutions:
 ['1920x1080', '2560x1440', '3840x2160']
2022-01-10 21:30:25,622 - INFO - Trying to download image u9f6m60b14681.jpg
2022-01-10 21:30:46,596 - INFO - Searched the following subreddits:
 earthporn+wallpaper+wallpapers
 for the following resolutions:
 ['1920x1080', '2560x1440', '3840x2160']
2022-01-10 21:30:47,405 - INFO - Trying to download image b2r9s8dgmz981.png
2022-01-10 21:31:29,586 - INFO - Searched the following subreddits:
 earthporn+wallpaper+wallpapers
 for the following resolutions:
 ['1920x1080', '2560x1440', '3840x2160']
2022-01-10 21:31:30,399 - INFO - Trying to download image ch5w29wido981.png
2022-01-10 21:34:05,720 - INFO - Searched the following subreddits:
 earthporn+wallpaper+wallpapers
 for the following resolutions:
 ['1920x1080', '2560x1440', '3840x2160']
2022-01-10 21:34:07,142 - INFO - Trying to download image o6lintmgye981.jpg
2022-01-10 21:34:07,548 - INFO - Downloaded image o6lintmgye981.jpg
2022-01-10 21:34:12,606 - INFO - Image downloaded & set: https://i.redd.it/o6lintmgye981.jpg - 5 Centimeters Per Second-No Anime Girl-HD [3840x2160]
2022-01-11 16:40:20,708 - INFO - Searched the following subreddits:
 earthporn+wallpaper+wallpapers
 for the following resolutions:
 ['1920x1080', '2560x1440', '3840x2160']
2022-01-11 16:40:21,821 - INFO - Trying to download image 9bklw5m30b681.jpg
2022-01-11 16:40:22,277 - INFO - Downloaded image 9bklw5m30b681.jpg
2022-01-11 16:40:27,292 - INFO - Image downloaded & set: https://i.redd.it/9bklw5m30b681.jpg - Icelandic Highlands, Iceland [2560x1440] [OC] @nicolasalexanderotto
2022-01-12 10:52:14,343 - INFO - Searched the following subreddits:
 earthporn+wallpaper+wallpapers
 for the following resolutions:
 ['1920x1080', '2560x1440', '3840x2160']
2022-01-12 10:52:15,314 - INFO - Trying to download image o6lintmgye981.jpg
2022-01-12 10:52:15,580 - INFO - Downloaded image o6lintmgye981.jpg
2022-01-12 10:52:20,595 - INFO - Image downloaded & set: https://i.redd.it/o6lintmgye981.jpg - 5 Centimeters Per Second-No Anime Girl-HD [3840x2160]
2022-01-12 19:18:41,835 - INFO - Searched the following subreddits:
 earthporn+wallpaper+wallpapers
 for the following resolutions:
 ['1920x1080', '2560x1440', '3840x2160']
2022-01-12 19:19:06,991 - INFO - Searched the following subreddits:
 earthporn+wallpaper+wallpapers
 for the following resolutions:
 ['1920x1080', '2560x1440', '3840x2160']
2022-01-12 19:19:07,791 - INFO - Trying to download image f1bc6p6wx2b81.png
2022-01-12 19:19:10,109 - INFO - Downloaded image f1bc6p6wx2b81.png
2022-01-12 19:19:15,125 - INFO - Image downloaded & set: https://i.redd.it/f1bc6p6wx2b81.png - Beauty and the Beast - Farmlands [3840x2160]
2022-01-13 10:29:34,828 - INFO - Searched the following subreddits:
 earthporn+wallpaper+wallpapers
 for the following resolutions:
 ['1920x1080', '2560x1440', '3840x2160']
2022-01-13 10:29:35,812 - INFO - Trying to download image n5y5kscs3m981.jpg
2022-01-13 10:29:35,999 - INFO - Downloaded image n5y5kscs3m981.jpg
2022-01-13 10:29:40,999 - INFO - Image downloaded & set: https://i.redd.it/n5y5kscs3m981.jpg - Lady Justice by Raf Grassetti [3840x2160]
2022-01-14 10:34:51,294 - INFO - Searched the following subreddits:
 earthporn+wallpaper+wallpapers
 for the following resolutions:
 ['1920x1080', '2560x1440', '3840x2160']
2022-01-14 10:34:52,169 - INFO - Trying to download image 4el0gw0t8wa81.jpg
2022-01-14 10:34:52,356 - INFO - Downloaded image 4el0gw0t8wa81.jpg
2022-01-14 10:34:57,357 - INFO - Image downloaded & set: https://i.redd.it/4el0gw0t8wa81.jpg - Rain Girl (3840x2160)
2022-01-14 16:45:24,600 - INFO - Searched the following subreddits:
 earthporn+wallpaper+wallpapers
 for the following resolutions:
 ['1920x1080', '2560x1440', '3840x2160']
2022-01-14 16:45:25,516 - INFO - Trying to download image o6lintmgye981.jpg
2022-01-14 16:45:25,994 - INFO - Downloaded image o6lintmgye981.jpg
2022-01-14 16:45:31,004 - INFO - Image downloaded & set: https://i.redd.it/o6lintmgye981.jpg - 5 Centimeters Per Second-No Anime Girl-HD [3840x2160]
2022-01-14 16:47:49,496 - INFO - Searched the following subreddits:
 earthporn+wallpaper+wallpapers
 for the following resolutions:
 ['1920x1080', '2560x1440', '3840x2160']
2022-01-14 16:47:50,323 - INFO - Trying to download image e3hzn4c7b4a81.jpg
2022-01-14 16:47:50,627 - INFO - Downloaded image e3hzn4c7b4a81.jpg
2022-01-14 16:47:55,638 - INFO - Image downloaded & set: https://i.redd.it/e3hzn4c7b4a81.jpg - Sun line (3840x2160)
2022-01-14 16:55:10,155 - INFO - Searched the following subreddits:
 earthporn+wallpaper+wallpapers
 for the following resolutions:
 ['1920x1080', '2560x1440', '3840x2160']
2022-01-14 16:55:10,946 - INFO - Trying to download image gakgutj5z2781.png
2022-01-14 16:55:11,774 - INFO - Downloaded image gakgutj5z2781.png
2022-01-14 16:55:16,792 - INFO - Image downloaded & set: https://i.redd.it/gakgutj5z2781.png - The Shooting Star. [3840x2160]
2022-01-14 16:56:16,468 - INFO - Searched the following subreddits:
 earthporn+wallpaper+wallpapers
 for the following resolutions:
 ['1920x1080', '2560x1440', '3840x2160']
2022-01-14 16:56:17,302 - INFO - Trying to download image 5binopnnteb81.jpg
2022-01-14 16:56:17,676 - INFO - Downloaded image 5binopnnteb81.jpg
2022-01-14 16:56:22,690 - INFO - Image downloaded & set: https://i.redd.it/5binopnnteb81.jpg - [3840x2160] do you like it?
2022-01-14 16:56:27,429 - INFO - Searched the following subreddits:
 earthporn+wallpaper+wallpapers
 for the following resolutions:
 ['1920x1080', '2560x1440', '3840x2160']
2022-01-14 16:56:28,270 - INFO - Trying to download image 1l206t2nf3681.jpg
2022-01-14 16:56:29,339 - INFO - Downloaded image 1l206t2nf3681.jpg
2022-01-14 16:56:34,350 - INFO - Image downloaded & set: https://i.redd.it/1l206t2nf3681.jpg - Cosy Tokyo Apartment (2560x1440) Animated version in comments
2022-01-14 16:58:46,086 - INFO - Searched the following subreddits:
 earthporn+wallpaper+wallpapers
 for the following resolutions:
 ['1920x1080', '2560x1440', '3840x2160']
2022-01-14 16:58:47,013 - INFO - Trying to download image xsrpuktw2u881.png
2022-01-14 16:58:47,713 - INFO - Downloaded image xsrpuktw2u881.png
2022-01-14 16:58:52,726 - INFO - Image downloaded & set: https://i.redd.it/xsrpuktw2u881.png - Portal to another world (2560x1440)
2022-01-14 16:59:10,796 - INFO - Searched the following subreddits:
 earthporn+wallpaper+wallpapers
 for the following resolutions:
 ['1920x1080', '2560x1440', '3840x2160']
2022-01-14 16:59:11,590 - INFO - Trying to download image f1bc6p6wx2b81.png
2022-01-14 16:59:14,465 - INFO - Downloaded image f1bc6p6wx2b81.png
2022-01-14 16:59:19,477 - INFO - Image downloaded & set: https://i.redd.it/f1bc6p6wx2b81.png - Beauty and the Beast - Farmlands [3840x2160]
2022-01-14 17:01:45,799 - INFO - Searched the following subreddits:
 earthporn+wallpaper+wallpapers
 for the following resolutions:
 ['1920x1080', '2560x1440', '3840x2160']
2022-01-14 17:01:46,636 - INFO - Trying to download image 9go0aaqs89b81.jpg
2022-01-14 17:01:47,054 - INFO - Downloaded image 9go0aaqs89b81.jpg
2022-01-14 17:01:52,059 - INFO - Image downloaded & set: https://i.redd.it/9go0aaqs89b81.jpg - Disco Dingo Dog [3840x2160]
2022-01-14 17:02:10,868 - INFO - Searched the following subreddits:
 earthporn+wallpaper+wallpapers
 for the following resolutions:
 ['1920x1080', '2560x1440', '3840x2160']
2022-01-14 17:02:11,715 - INFO - Trying to download image v6ak560u8o981.jpg
2022-01-14 17:02:12,606 - INFO - Downloaded image v6ak560u8o981.jpg
2022-01-14 17:02:17,612 - INFO - Image downloaded & set: https://i.redd.it/v6ak560u8o981.jpg - Digital Art (3840x2160)
2022-01-14 17:02:25,370 - INFO - Searched the following subreddits:
 earthporn+wallpaper+wallpapers
 for the following resolutions:
 ['1920x1080', '2560x1440', '3840x2160']
2022-01-14 17:02:26,180 - INFO - Trying to download image e3hzn4c7b4a81.jpg
2022-01-14 17:02:26,545 - INFO - Downloaded image e3hzn4c7b4a81.jpg
2022-01-14 17:02:31,557 - INFO - Image downloaded & set: https://i.redd.it/e3hzn4c7b4a81.jpg - Sun line (3840x2160)
2022-01-14 17:07:10,724 - INFO - Searched the following subreddits:
 earthporn+wallpaper+wallpapers
 for the following resolutions:
 ['1920x1080', '2560x1440', '3840x2160']
2022-01-14 17:07:11,647 - INFO - Trying to download image d0qcr6t87mb81.jpg
2022-01-14 17:07:11,964 - INFO - Downloaded image d0qcr6t87mb81.jpg
2022-01-14 17:07:50,237 - INFO - Searched the following subreddits:
 earthporn+wallpaper+wallpapers
 for the following resolutions:
 ['1920x1080', '2560x1440', '3840x2160']
2022-01-14 17:07:51,172 - INFO - Trying to download image yuyah1q5vh881.jpg
2022-01-14 17:07:52,055 - INFO - Downloaded image yuyah1q5vh881.jpg
2022-01-14 17:07:57,068 - INFO - Image downloaded & set: https://i.redd.it/yuyah1q5vh881.jpg - UP Movie [3840x2160]
2022-01-14 18:22:21,626 - INFO - Searched the following subreddits:
 earthporn+wallpaper+wallpapers
 for the following resolutions:
 ['1920x1080', '2560x1440', '3840x2160']
2022-01-14 18:22:22,664 - INFO - Trying to download image mcas9156oha81.png
2022-01-14 18:22:23,130 - INFO - Downloaded image mcas9156oha81.png
2022-01-14 18:22:28,139 - INFO - Image downloaded & set: https://i.redd.it/mcas9156oha81.png - Neon Egyptian Pyramids by Abdullah Al Mamun [3840x2160]
2022-01-14 18:27:11,144 - INFO - Searched the following subreddits:
 earthporn+wallpaper+wallpapers
 for the following resolutions:
 ['1920x1080', '2560x1440', '3840x2160']
2022-01-14 18:27:12,042 - INFO - Trying to download image 9go0aaqs89b81.jpg
2022-01-14 18:27:12,370 - INFO - Downloaded image 9go0aaqs89b81.jpg
2022-01-14 18:27:17,388 - INFO - Image downloaded & set: https://i.redd.it/9go0aaqs89b81.jpg - Disco Dingo Dog [3840x2160]
2022-01-14 18:27:29,324 - INFO - Searched the following subreddits:
 earthporn+wallpaper+wallpapers
 for the following resolutions:
 ['1920x1080', '2560x1440', '3840x2160']
2022-01-14 18:27:30,280 - INFO - Trying to download image e3hzn4c7b4a81.jpg
2022-01-14 18:27:30,520 - INFO - Downloaded image e3hzn4c7b4a81.jpg
2022-01-14 18:27:35,542 - INFO - Image downloaded & set: https://i.redd.it/e3hzn4c7b4a81.jpg - Sun line (3840x2160)
2022-01-14 18:27:51,239 - INFO - Searched the following subreddits:
 earthporn+wallpaper+wallpapers
 for the following resolutions:
 ['1920x1080', '2560x1440', '3840x2160']
2022-01-14 18:27:52,092 - INFO - Trying to download image 9go0aaqs89b81.jpg
2022-01-14 18:27:52,411 - INFO - Downloaded image 9go0aaqs89b81.jpg
2022-01-14 18:27:57,416 - INFO - Image downloaded & set: https://i.redd.it/9go0aaqs89b81.jpg - Disco Dingo Dog [3840x2160]
2022-01-14 18:28:59,964 - INFO - Searched the following subreddits:
 earthporn+wallpaper+wallpapers
 for the following resolutions:
 ['1920x1080', '2560x1440', '3840x2160']
2022-01-14 18:29:00,805 - INFO - Trying to download image msz5sor.png
2022-01-14 18:29:01,601 - INFO - Downloaded image msz5sor.png
2022-01-14 18:29:06,619 - INFO - Image downloaded & set: https://i.imgur.com/msz5sor.png - If I ever disappear, you will find me back here. Strawberry Point, Olympic NP, WA, USA [OC][3840x2160]
2022-01-14 18:30:46,101 - INFO - Searched the following subreddits:
 earthporn+wallpaper+wallpapers
 for the following resolutions:
 ['1920x1080', '2560x1440', '3840x2160']
2022-01-14 18:30:46,885 - INFO - Trying to download image b2r9s8dgmz981.png
2022-01-14 18:30:49,501 - INFO - Downloaded image b2r9s8dgmz981.png
2022-01-14 18:30:54,510 - INFO - Image downloaded & set: https://i.redd.it/b2r9s8dgmz981.png - Indian chameleon [3840x2160]
2022-01-14 18:31:41,876 - INFO - Searched the following subreddits:
 earthporn+wallpaper+wallpapers
 for the following resolutions:
 ['1920x1080', '2560x1440', '3840x2160']
2022-01-14 18:31:42,689 - INFO - Trying to download image n5y5kscs3m981.jpg
2022-01-14 18:31:42,958 - INFO - Downloaded image n5y5kscs3m981.jpg
2022-01-14 18:31:47,979 - INFO - Image downloaded & set: https://i.redd.it/n5y5kscs3m981.jpg - Lady Justice by Raf Grassetti [3840x2160]
2022-01-14 18:32:32,497 - INFO - Searched the following subreddits:
 earthporn+wallpaper+wallpapers
 for the following resolutions:
 ['1920x1080', '2560x1440', '3840x2160']
2022-01-14 18:32:33,380 - INFO - Trying to download image mcas9156oha81.png
2022-01-14 18:32:33,854 - INFO - Downloaded image mcas9156oha81.png
2022-01-14 18:32:38,866 - INFO - Image downloaded & set: https://i.redd.it/mcas9156oha81.png - Neon Egyptian Pyramids by Abdullah Al Mamun [3840x2160]
2022-01-14 18:34:34,440 - INFO - Searched the following subreddits:
 earthporn+wallpaper+wallpapers
 for the following resolutions:
 ['1920x1080', '2560x1440', '3840x2160']
2022-01-14 18:34:35,351 - INFO - Trying to download image b2r9s8dgmz981.png
2022-01-14 18:34:36,801 - INFO - Downloaded image b2r9s8dgmz981.png
2022-01-14 18:35:53,149 - INFO - Searched the following subreddits:
 earthporn+wallpaper+wallpapers
 for the following resolutions:
 ['1920x1080', '2560x1440', '3840x2160']
2022-01-14 18:35:53,984 - INFO - Trying to download image vetwnz356za81.jpg
2022-01-14 18:35:54,422 - INFO - Downloaded image vetwnz356za81.jpg
2022-01-14 18:35:59,440 - INFO - Image downloaded & set: https://i.redd.it/vetwnz356za81.jpg - Fire Man [3840x2160]
2022-01-14 18:38:41,583 - INFO - Searched the following subreddits:
 earthporn+wallpaper+wallpapers
 for the following resolutions:
 ['1920x1080', '2560x1440', '3840x2160']
2022-01-14 18:38:42,218 - INFO - Trying to download image xwcgy3zfdhb81.png
2022-01-14 18:38:42,815 - INFO - Downloaded image xwcgy3zfdhb81.png
2022-01-14 18:38:47,827 - INFO - Image downloaded & set: https://i.redd.it/xwcgy3zfdhb81.png - Tranquility by the Lake by ryky [2560x1440]
2022-01-14 18:40:43,050 - INFO - Searched the following subreddits:
 earthporn+wallpaper+wallpapers
 for the following resolutions:
 ['1920x1080', '2560x1440', '3840x2160']
2022-01-14 18:40:43,785 - INFO - Trying to download image ch5w29wido981.png
2022-01-14 18:40:45,341 - INFO - Downloaded image ch5w29wido981.png
2022-01-14 18:40:50,349 - INFO - Image downloaded & set: https://i.redd.it/ch5w29wido981.png - Space Meteorite Digital Art [3840x2160]
2022-01-14 18:41:12,190 - INFO - Searched the following subreddits:
 earthporn+wallpaper+wallpapers
 for the following resolutions:
 ['1920x1080', '2560x1440', '3840x2160']
2022-01-14 18:41:12,971 - INFO - Trying to download image v6ak560u8o981.jpg
2022-01-14 18:41:13,467 - INFO - Downloaded image v6ak560u8o981.jpg
2022-01-14 18:41:18,484 - INFO - Image downloaded & set: https://i.redd.it/v6ak560u8o981.jpg - Digital Art (3840x2160)
2022-01-14 18:42:04,532 - INFO - Searched the following subreddits:
 earthporn+wallpaper+wallpapers
 for the following resolutions:
 ['1920x1080', '2560x1440', '3840x2160']
2022-01-14 18:42:05,395 - INFO - Trying to download image ch5w29wido981.png
2022-01-14 18:42:06,766 - INFO - Downloaded image ch5w29wido981.png
2022-01-14 18:42:11,774 - INFO - Image downloaded & set: https://i.redd.it/ch5w29wido981.png - Space Meteorite Digital Art [3840x2160]
2022-01-14 18:42:18,508 - INFO - Searched the following subreddits:
 earthporn+wallpaper+wallpapers
 for the following resolutions:
 ['1920x1080', '2560x1440', '3840x2160']
2022-01-14 18:42:19,319 - INFO - Trying to download image xwcgy3zfdhb81.png
2022-01-14 18:42:19,876 - INFO - Downloaded image xwcgy3zfdhb81.png
2022-01-14 18:42:24,893 - INFO - Image downloaded & set: https://i.redd.it/xwcgy3zfdhb81.png - Tranquility by the Lake by ryky [2560x1440]
2022-01-14 18:42:30,049 - INFO - Searched the following subreddits:
 earthporn+wallpaper+wallpapers
 for the following resolutions:
 ['1920x1080', '2560x1440', '3840x2160']
2022-01-14 18:42:30,792 - INFO - Trying to download image d0qcr6t87mb81.jpg
2022-01-14 18:42:31,062 - INFO - Downloaded image d0qcr6t87mb81.jpg
2022-01-14 18:42:36,068 - INFO - Image downloaded & set: https://i.redd.it/d0qcr6t87mb81.jpg - "Space Rock" Sorry couldnt think of a better name. 2560x1440
2022-01-14 18:44:34,335 - INFO - Searched the following subreddits:
 earthporn+wallpaper+wallpapers
 for the following resolutions:
 ['1920x1080', '2560x1440', '3840x2160']
2022-01-14 18:44:35,209 - INFO - Trying to download image 4el0gw0t8wa81.jpg
2022-01-14 18:44:35,462 - INFO - Downloaded image 4el0gw0t8wa81.jpg
2022-01-14 18:44:40,481 - INFO - Image downloaded & set: https://i.redd.it/4el0gw0t8wa81.jpg - Rain Girl (3840x2160)
2022-01-14 18:46:01,971 - INFO - Searched the following subreddits:
 earthporn+wallpaper+wallpapers
 for the following resolutions:
 ['1920x1080', '2560x1440', '3840x2160']
2022-01-14 18:46:02,773 - INFO - Trying to download image o6lintmgye981.jpg
2022-01-14 18:46:03,153 - INFO - Downloaded image o6lintmgye981.jpg
2022-01-14 18:46:08,160 - INFO - Image downloaded & set: https://i.redd.it/o6lintmgye981.jpg - 5 Centimeters Per Second-No Anime Girl-HD [3840x2160]
2022-01-14 18:46:28,621 - INFO - Searched the following subreddits:
 earthporn+wallpaper+wallpapers
 for the following resolutions:
 ['1920x1080', '2560x1440', '3840x2160']
2022-01-14 18:46:29,385 - INFO - Trying to download image bxzsw1l80q881.png
2022-01-14 18:46:31,272 - INFO - Downloaded image bxzsw1l80q881.png
2022-01-14 18:46:36,289 - INFO - Image downloaded & set: https://i.redd.it/bxzsw1l80q881.png - A Representation of The Great Wave off Kanagawa [3840x2160]
2022-01-14 18:46:47,689 - INFO - Searched the following subreddits:
 earthporn+wallpaper+wallpapers
 for the following resolutions:
 ['1920x1080', '2560x1440', '3840x2160']
2022-01-14 18:46:48,855 - INFO - Trying to download image yuyah1q5vh881.jpg
2022-01-14 18:46:49,279 - INFO - Downloaded image yuyah1q5vh881.jpg
2022-01-14 18:46:54,292 - INFO - Image downloaded & set: https://i.redd.it/yuyah1q5vh881.jpg - UP Movie [3840x2160]
2022-01-14 18:48:47,821 - INFO - Searched the following subreddits:
 earthporn+wallpaper+wallpapers
 for the following resolutions:
 ['1920x1080', '2560x1440', '3840x2160']
2022-01-14 18:48:48,757 - INFO - Trying to download image gakgutj5z2781.png
2022-01-14 18:48:49,483 - INFO - Downloaded image gakgutj5z2781.png
2022-01-14 18:48:54,497 - INFO - Image downloaded & set: https://i.redd.it/gakgutj5z2781.png - The Shooting Star. [3840x2160]
2022-01-14 18:49:07,321 - INFO - Searched the following subreddits:
 earthporn+wallpaper+wallpapers
 for the following resolutions:
 ['1920x1080', '2560x1440', '3840x2160']
2022-01-14 18:49:08,110 - INFO - Image is in recent wallpapers. Searching for a new one. https://i.redd.it/bxzsw1l80q881.png - A Representation of The Great Wave off Kanagawa [3840x2160]
2022-01-14 18:49:08,110 - INFO - Trying to download image u9f6m60b14681.jpg
2022-01-14 18:49:08,965 - INFO - Downloaded image u9f6m60b14681.jpg
2022-01-14 18:49:13,979 - INFO - Image downloaded & set: https://i.redd.it/u9f6m60b14681.jpg - Winter [2560x1440] from r/Stunning_Backdrops
2022-01-14 18:49:21,795 - INFO - Searched the following subreddits:
 earthporn+wallpaper+wallpapers
 for the following resolutions:
 ['1920x1080', '2560x1440', '3840x2160']
2022-01-14 18:49:22,556 - INFO - Trying to download image 5binopnnteb81.jpg
2022-01-14 18:49:22,931 - INFO - Downloaded image 5binopnnteb81.jpg
2022-01-14 18:49:27,939 - INFO - Image downloaded & set: https://i.redd.it/5binopnnteb81.jpg - [3840x2160] do you like it?
2022-01-14 18:49:37,540 - INFO - Searched the following subreddits:
 earthporn+wallpaper+wallpapers
 for the following resolutions:
 ['1920x1080', '2560x1440', '3840x2160']
2022-01-14 18:49:38,318 - INFO - Trying to download image 6thx66trlkb81.jpg
2022-01-14 18:49:39,586 - INFO - Downloaded image 6thx66trlkb81.jpg
2022-01-14 18:49:44,598 - INFO - Image downloaded & set: https://i.redd.it/6thx66trlkb81.jpg - [3840x2160] Snorlax used Rest
2022-01-14 18:49:54,075 - INFO - Searched the following subreddits:
 earthporn+wallpaper+wallpapers
 for the following resolutions:
 ['1920x1080', '2560x1440', '3840x2160']
2022-01-14 18:49:54,909 - INFO - Image is in recent wallpapers. Searching for a new one. https://i.redd.it/6thx66trlkb81.jpg - [3840x2160] Snorlax used Rest
2022-01-14 18:49:54,909 - INFO - Image is in recent wallpapers. Searching for a new one. https://i.redd.it/d0qcr6t87mb81.jpg - "Space Rock" Sorry couldnt think of a better name. 2560x1440
2022-01-14 18:49:54,909 - INFO - Image is in recent wallpapers. Searching for a new one. https://i.redd.it/6thx66trlkb81.jpg - [3840x2160] Snorlax used Rest
2022-01-14 18:49:54,909 - INFO - Image is in recent wallpapers. Searching for a new one. https://i.redd.it/o6lintmgye981.jpg - 5 Centimeters Per Second-No Anime Girl-HD [3840x2160]
2022-01-14 18:49:54,909 - INFO - Trying to download image msz5sor.png
2022-01-14 18:49:55,699 - INFO - Downloaded image msz5sor.png
2022-01-14 18:50:00,716 - INFO - Image downloaded & set: https://i.imgur.com/msz5sor.png - If I ever disappear, you will find me back here. Strawberry Point, Olympic NP, WA, USA [OC][3840x2160]
2022-01-15 14:52:26,452 - INFO - Searched the following subreddits:
 earthporn+wallpaper+wallpapers
 for the following resolutions:
 ['1920x1080', '2560x1440', '3840x2160']
2022-01-15 14:52:27,502 - INFO - Trying to download image oyusab430nb81.jpg
2022-01-15 14:52:27,972 - INFO - Downloaded image oyusab430nb81.jpg
2022-01-15 14:52:33,006 - INFO - Image downloaded & set: https://i.redd.it/oyusab430nb81.jpg - McLaren P1 in Forza Horizon 4 [3840x2160]
2022-01-15 14:54:46,469 - INFO - Searched the following subreddits:
 earthporn+wallpaper+wallpapers
 for the following resolutions:
 ['1920x1080', '2560x1440', '3840x2160']
2022-01-15 14:54:47,362 - INFO - Trying to download image vsg2e7qo70a81.jpg
2022-01-15 14:54:47,750 - INFO - Downloaded image vsg2e7qo70a81.jpg
2022-01-15 14:54:52,760 - INFO - Image downloaded & set: https://i.redd.it/vsg2e7qo70a81.jpg - Rubik's cube digital art [3840x2160]
2022-01-15 21:30:09,945 - INFO - Searched the following subreddits:
 earthporn+wallpaper+wallpapers
 for the following resolutions:
 ['1920x1080', '2560x1440', '3840x2160']
2022-01-15 21:30:10,941 - INFO - Image is in recent wallpapers. Searching for a new one. https://i.redd.it/bxzsw1l80q881.png - A Representation of The Great Wave off Kanagawa [3840x2160]
2022-01-15 21:30:10,942 - INFO - Image is in recent wallpapers. Searching for a new one. https://i.redd.it/oyusab430nb81.jpg - McLaren P1 in Forza Horizon 4 [3840x2160]
2022-01-15 21:30:10,942 - INFO - Image is in recent wallpapers. Searching for a new one. https://i.redd.it/oyusab430nb81.jpg - McLaren P1 in Forza Horizon 4 [3840x2160]
2022-01-15 21:30:10,942 - INFO - Trying to download image d0qcr6t87mb81.jpg
2022-01-15 21:30:11,174 - INFO - Downloaded image d0qcr6t87mb81.jpg
2022-01-15 21:30:16,180 - INFO - Image downloaded & set: https://i.redd.it/d0qcr6t87mb81.jpg - "Space Rock" Sorry couldnt think of a better name. 2560x1440
2022-01-15 23:49:53,094 - INFO - Searched the following subreddits:
 earthporn+wallpaper+wallpapers
 for the following resolutions:
 ['1920x1080', '2560x1440', '3840x2160']
2022-01-15 23:49:54,270 - INFO - Image is in recent wallpapers. Searching for a new one. https://i.redd.it/6thx66trlkb81.jpg - [3840x2160] Snorlax used Rest
2022-01-15 23:49:54,270 - INFO - Trying to download image o6lintmgye981.jpg
2022-01-15 23:49:54,741 - INFO - Downloaded image o6lintmgye981.jpg
2022-01-15 23:49:59,745 - INFO - Image downloaded & set: https://i.redd.it/o6lintmgye981.jpg - 5 Centimeters Per Second-No Anime Girl-HD [3840x2160]
2022-01-16 00:43:02,526 - INFO - Searched the following subreddits:
 wallpaper+wallpapers
 for the following resolutions:
 ['1920x1080', '2560x1440', '3840x2160']
2022-01-16 00:43:03,520 - INFO - Trying to download image b2r9s8dgmz981.png
2022-01-16 00:43:05,078 - INFO - Downloaded image b2r9s8dgmz981.png
2022-01-16 00:43:10,097 - INFO - Image downloaded & set: https://i.redd.it/b2r9s8dgmz981.png - Indian chameleon [3840x2160]
